2025-04-03 21:47:36,231 - Searching for Trimmer...
2025-04-03 21:47:36,558 - Trimmer search initiated successfully.
2025-04-03 21:47:36,558 - Pressing Enter key...
2025-04-03 21:47:37,193 - Enter key pressed successfully.
2025-04-03 21:47:37,193 - Clicking on category filter...
2025-04-03 21:47:37,395 - Filter clicked successfully.
2025-04-03 21:47:37,395 - Applying filter by low price...
2025-04-03 21:47:37,492 - Filter applied successfully.
2025-04-03 21:47:37,492 - Hovering over item...
2025-04-03 21:47:37,926 - Successfully hovered over item.
2025-04-03 21:47:37,926 - Adding item to bag...
2025-04-03 21:47:38,154 - Item added to bag successfully.
2025-04-03 21:47:38,154 - Clicking on shopping cart...
2025-04-03 21:47:38,226 - Successfully clicked on shopping cart.
2025-04-03 21:47:38,226 - Taking screenshot...
2025-04-03 21:47:41,343 - Screenshot captured successfully.
2025-04-03 21:47:47,909 - Clicking on banner...
2025-04-03 21:47:48,850 - Banner clicked successfully.
2025-04-03 21:47:55,909 - Hovering over Lifestyle...
2025-04-03 21:47:56,345 - Hovered over Lifestyle successfully.
2025-04-03 21:47:56,346 - Clicking on Kurta section...
2025-04-03 21:47:56,552 - Kurta section clicked successfully.
